# JRE version: OpenJDK Runtime Environment Temurin-21.0.8+9 (21.0.8+9) (build 21.0.8+9-LTS)
# Java VM: OpenJDK 64-Bit Server VM Temurin-21.0.8+9 (21.0.8+9-LTS, mixed mode, sharing, tiered, compressed oops, compressed class ptrs, parallel gc, windows-amd64)
GC Precious Log:
 CardTable entry size: 512
 CPUs: 12 total, 12 available
 Memory: 7597M
 Large Page Support: Disabled
 NUMA Support: Disabled
 Compressed Oops: Enabled (32-bit)
 Alignments: Space 512K, Generation 512K, Heap 2M
 Heap Min Capacity: 100M
 Heap Initial Capacity: 100M
 Heap Max Capacity: 2G
 Pre-touch: Disabled
 Parallel Workers: 10
Heap:
 PSYoungGen      total 12800K, used 12777K [0x00000000d5580000, 0x00000000d6700000, 0x0000000100000000)
  eden space 8704K, 100% used [0x00000000d5580000,0x00000000d5e00000,0x00000000d5e00000)
  from space 4096K, 99% used [0x00000000d5f80000,0x00000000d637a600,0x00000000d6380000)
  to   space 3584K, 22% used [0x00000000d6380000,0x00000000d644d200,0x00000000d6700000)
 ParOldGen       total 1398272K, used 553254K [0x0000000080000000, 0x00000000d5580000, 0x00000000d5580000)
  object space 1398272K, 39% used [0x0000000080000000,0x00000000a1c49ac8,0x00000000d5580000)
 Metaspace       used 81438K, committed 83008K, reserved 1179648K
  class space    used 8323K, committed 9024K, reserved 1048576K
GC Heap History (20 events):
Event: 64551.451 GC heap after
{Heap after GC invocations=2788 (full 5):
 PSYoungGen      total 9728K, used 794K [0x00000000d5580000, 0x00000000d6500000, 0x0000000100000000)
  eden space 8704K, 0% used [0x00000000d5580000,0x00000000d5580000,0x00000000d5e00000)
  from space 1024K, 77% used [0x00000000d6400000,0x00000000d64c6900,0x00000000d6500000)
  to   space 2560K, 0% used [0x00000000d6000000,0x00000000d6000000,0x00000000d6280000)
 ParOldGen       total 542720K, used 542287K [0x0000000080000000, 0x00000000a1200000, 0x00000000d5580000)
  object space 542720K, 99% used [0x0000000080000000,0x00000000a1193cd0,0x00000000a1200000)
 Metaspace       used 81414K, committed 83008K, reserved 1179648K
  class space    used 8322K, committed 9024K, reserved 1048576K
}
Event: 64551.625 GC heap before
{Heap before GC invocations=2789 (full 5):
 PSYoungGen      total 9728K, used 9498K [0x00000000d5580000, 0x00000000d6500000, 0x0000000100000000)
  eden space 8704K, 100% used [0x00000000d5580000,0x00000000d5e00000,0x00000000d5e00000)
  from space 1024K, 77% used [0x00000000d6400000,0x00000000d64c6900,0x00000000d6500000)
  to   space 2560K, 0% used [0x00000000d6000000,0x00000000d6000000,0x00000000d6280000)
 ParOldGen       total 542720K, used 542287K [0x0000000080000000, 0x00000000a1200000, 0x00000000d5580000)
  object space 542720K, 99% used [0x0000000080000000,0x00000000a1193cd0,0x00000000a1200000)
 Metaspace       used 81414K, committed 83008K, reserved 1179648K
  class space    used 8322K, committed 9024K, reserved 1048576K
}
Event: 64551.634 GC heap after
{Heap after GC invocations=2789 (full 5):
 PSYoungGen      total 11264K, used 2531K [0x00000000d5580000, 0x00000000d6900000, 0x0000000100000000)
  eden space 8704K, 0% used [0x00000000d5580000,0x00000000d5580000,0x00000000d5e00000)
  from space 2560K, 98% used [0x00000000d6000000,0x00000000d6278f00,0x00000000d6280000)
  to   space 5632K, 0% used [0x00000000d6380000,0x00000000d6380000,0x00000000d6900000)
 ParOldGen       total 544768K, used 544520K [0x0000000080000000, 0x00000000a1400000, 0x00000000d5580000)
  object space 544768K, 99% used [0x0000000080000000,0x00000000a13c20c8,0x00000000a1400000)
 Metaspace       used 81414K, committed 83008K, reserved 1179648K
  class space    used 8322K, committed 9024K, reserved 1048576K
}
Event: 64551.933 GC heap before
{Heap before GC invocations=2790 (full 5):
 PSYoungGen      total 11264K, used 11235K [0x00000000d5580000, 0x00000000d6900000, 0x0000000100000000)
  eden space 8704K, 100% used [0x00000000d5580000,0x00000000d5e00000,0x00000000d5e00000)
  from space 2560K, 98% used [0x00000000d6000000,0x00000000d6278f00,0x00000000d6280000)
  to   space 5632K, 0% used [0x00000000d6380000,0x00000000d6380000,0x00000000d6900000)
 ParOldGen       total 544768K, used 544520K [0x0000000080000000, 0x00000000a1400000, 0x00000000d5580000)
  object space 544768K, 99% used [0x0000000080000000,0x00000000a13c20c8,0x00000000a1400000)
 Metaspace       used 81414K, committed 83008K, reserved 1179648K
  class space    used 8322K, committed 9024K, reserved 1048576K
}
Event: 64551.936 GC heap after
{Heap after GC invocations=2790 (full 5):
 PSYoungGen      total 10752K, used 1737K [0x00000000d5580000, 0x00000000d6580000, 0x0000000100000000)
  eden space 8704K, 0% used [0x00000000d5580000,0x00000000d5580000,0x00000000d5e00000)
  from space 2048K, 84% used [0x00000000d6380000,0x00000000d6532600,0x00000000d6580000)
  to   space 3072K, 0% used [0x00000000d5f80000,0x00000000d5f80000,0x00000000d6280000)
 ParOldGen       total 544768K, used 544552K [0x0000000080000000, 0x00000000a1400000, 0x00000000d5580000)
  object space 544768K, 99% used [0x0000000080000000,0x00000000a13ca0c8,0x00000000a1400000)
 Metaspace       used 81414K, committed 83008K, reserved 1179648K
  class space    used 8322K, committed 9024K, reserved 1048576K
}
Event: 64553.063 GC heap before
{Heap before GC invocations=2791 (full 5):
 PSYoungGen      total 10752K, used 10441K [0x00000000d5580000, 0x00000000d6580000, 0x0000000100000000)
  eden space 8704K, 100% used [0x00000000d5580000,0x00000000d5e00000,0x00000000d5e00000)
  from space 2048K, 84% used [0x00000000d6380000,0x00000000d6532600,0x00000000d6580000)
  to   space 3072K, 0% used [0x00000000d5f80000,0x00000000d5f80000,0x00000000d6280000)
 ParOldGen       total 544768K, used 544552K [0x0000000080000000, 0x00000000a1400000, 0x00000000d5580000)
  object space 544768K, 99% used [0x0000000080000000,0x00000000a13ca0c8,0x00000000a1400000)
 Metaspace       used 81416K, committed 83008K, reserved 1179648K
  class space    used 8322K, committed 9024K, reserved 1048576K
}
Event: 64553.068 GC heap after
{Heap after GC invocations=2791 (full 5):
 PSYoungGen      total 11776K, used 570K [0x00000000d5580000, 0x00000000d6400000, 0x0000000100000000)
  eden space 8704K, 0% used [0x00000000d5580000,0x00000000d5580000,0x00000000d5e00000)
  from space 3072K, 18% used [0x00000000d5f80000,0x00000000d600e900,0x00000000d6280000)
  to   space 1536K, 0% used [0x00000000d6280000,0x00000000d6280000,0x00000000d6400000)
 ParOldGen       total 544768K, used 544584K [0x0000000080000000, 0x00000000a1400000, 0x00000000d5580000)
  object space 544768K, 99% used [0x0000000080000000,0x00000000a13d20c8,0x00000000a1400000)
 Metaspace       used 81416K, committed 83008K, reserved 1179648K
  class space    used 8322K, committed 9024K, reserved 1048576K
}
Event: 64553.109 GC heap before
{Heap before GC invocations=2792 (full 5):
 PSYoungGen      total 11776K, used 9274K [0x00000000d5580000, 0x00000000d6400000, 0x0000000100000000)
  eden space 8704K, 100% used [0x00000000d5580000,0x00000000d5e00000,0x00000000d5e00000)
  from space 3072K, 18% used [0x00000000d5f80000,0x00000000d600e900,0x00000000d6280000)
  to   space 1536K, 0% used [0x00000000d6280000,0x00000000d6280000,0x00000000d6400000)
 ParOldGen       total 544768K, used 544584K [0x0000000080000000, 0x00000000a1400000, 0x00000000d5580000)
  object space 544768K, 99% used [0x0000000080000000,0x00000000a13d20c8,0x00000000a1400000)
 Metaspace       used 81416K, committed 83008K, reserved 1179648K
  class space    used 8322K, committed 9024K, reserved 1048576K
}
Event: 64553.115 GC heap after
{Heap after GC invocations=2792 (full 5):
 PSYoungGen      total 10240K, used 1513K [0x00000000d5580000, 0x00000000d6400000, 0x0000000100000000)
  eden space 8704K, 0% used [0x00000000d5580000,0x00000000d5580000,0x00000000d5e00000)
  from space 1536K, 98% used [0x00000000d6280000,0x00000000d63fa600,0x00000000d6400000)
  to   space 2560K, 0% used [0x00000000d5f00000,0x00000000d5f00000,0x00000000d6180000)
 ParOldGen       total 545280K, used 545272K [0x0000000080000000, 0x00000000a1480000, 0x00000000d5580000)
  object space 545280K, 99% used [0x0000000080000000,0x00000000a147e0c8,0x00000000a1480000)
 Metaspace       used 81416K, committed 83008K, reserved 1179648K
  class space    used 8322K, committed 9024K, reserved 1048576K
}
Event: 64553.746 GC heap before
{Heap before GC invocations=2793 (full 5):
 PSYoungGen      total 10240K, used 10217K [0x00000000d5580000, 0x00000000d6400000, 0x0000000100000000)
  eden space 8704K, 100% used [0x00000000d5580000,0x00000000d5e00000,0x00000000d5e00000)
  from space 1536K, 98% used [0x00000000d6280000,0x00000000d63fa600,0x00000000d6400000)
  to   space 2560K, 0% used [0x00000000d5f00000,0x00000000d5f00000,0x00000000d6180000)
 ParOldGen       total 545280K, used 545272K [0x0000000080000000, 0x00000000a1480000, 0x00000000d5580000)
  object space 545280K, 99% used [0x0000000080000000,0x00000000a147e0c8,0x00000000a1480000)
 Metaspace       used 81416K, committed 83008K, reserved 1179648K
  class space    used 8322K, committed 9024K, reserved 1048576K
}
Event: 64553.756 GC heap after
{Heap after GC invocations=2793 (full 5):
 PSYoungGen      total 11264K, used 2537K [0x00000000d5580000, 0x00000000d6b00000, 0x0000000100000000)
  eden space 8704K, 0% used [0x00000000d5580000,0x00000000d5580000,0x00000000d5e00000)
  from space 2560K, 99% used [0x00000000d5f00000,0x00000000d617a600,0x00000000d6180000)
  to   space 6656K, 0% used [0x00000000d6480000,0x00000000d6480000,0x00000000d6b00000)
 ParOldGen       total 548864K, used 548359K [0x0000000080000000, 0x00000000a1800000, 0x00000000d5580000)
  object space 548864K, 99% used [0x0000000080000000,0x00000000a1781dc8,0x00000000a1800000)
 Metaspace       used 81416K, committed 83008K, reserved 1179648K
  class space    used 8322K, committed 9024K, reserved 1048576K
}
Event: 64553.892 GC heap before
{Heap before GC invocations=2794 (full 5):
 PSYoungGen      total 11264K, used 11241K [0x00000000d5580000, 0x00000000d6b00000, 0x0000000100000000)
  eden space 8704K, 100% used [0x00000000d5580000,0x00000000d5e00000,0x00000000d5e00000)
  from space 2560K, 99% used [0x00000000d5f00000,0x00000000d617a600,0x00000000d6180000)
  to   space 6656K, 0% used [0x00000000d6480000,0x00000000d6480000,0x00000000d6b00000)
 ParOldGen       total 548864K, used 548359K [0x0000000080000000, 0x00000000a1800000, 0x00000000d5580000)
  object space 548864K, 99% used [0x0000000080000000,0x00000000a1781dc8,0x00000000a1800000)
 Metaspace       used 81416K, committed 83008K, reserved 1179648K
  class space    used 8322K, committed 9024K, reserved 1048576K
}
Event: 64553.898 GC heap after
{Heap after GC invocations=2794 (full 5):
 PSYoungGen      total 10752K, used 1946K [0x00000000d5580000, 0x00000000d6680000, 0x0000000100000000)
  eden space 8704K, 0% used [0x00000000d5580000,0x00000000d5580000,0x00000000d5e00000)
  from space 2048K, 95% used [0x00000000d6480000,0x00000000d6666900,0x00000000d6680000)
  to   space 3584K, 0% used [0x00000000d5f80000,0x00000000d5f80000,0x00000000d6300000)
 ParOldGen       total 550912K, used 550526K [0x0000000080000000, 0x00000000a1a00000, 0x00000000d5580000)
  object space 550912K, 99% used [0x0000000080000000,0x00000000a199fac8,0x00000000a1a00000)
 Metaspace       used 81416K, committed 83008K, reserved 1179648K
  class space    used 8322K, committed 9024K, reserved 1048576K
}
Event: 64554.196 GC heap before
{Heap before GC invocations=2795 (full 5):
 PSYoungGen      total 10752K, used 10650K [0x00000000d5580000, 0x00000000d6680000, 0x0000000100000000)
  eden space 8704K, 100% used [0x00000000d5580000,0x00000000d5e00000,0x00000000d5e00000)
  from space 2048K, 95% used [0x00000000d6480000,0x00000000d6666900,0x00000000d6680000)
  to   space 3584K, 0% used [0x00000000d5f80000,0x00000000d5f80000,0x00000000d6300000)
 ParOldGen       total 550912K, used 550526K [0x0000000080000000, 0x00000000a1a00000, 0x00000000d5580000)
  object space 550912K, 99% used [0x0000000080000000,0x00000000a199fac8,0x00000000a1a00000)
 Metaspace       used 81419K, committed 83008K, reserved 1179648K
  class space    used 8322K, committed 9024K, reserved 1048576K
}
Event: 64554.204 GC heap after
{Heap after GC invocations=2795 (full 5):
 PSYoungGen      total 12288K, used 3555K [0x00000000d5580000, 0x00000000d6c00000, 0x0000000100000000)
  eden space 8704K, 0% used [0x00000000d5580000,0x00000000d5580000,0x00000000d5e00000)
  from space 3584K, 99% used [0x00000000d5f80000,0x00000000d62f8f00,0x00000000d6300000)
  to   space 7168K, 0% used [0x00000000d6500000,0x00000000d6500000,0x00000000d6c00000)
 ParOldGen       total 553472K, used 553038K [0x0000000080000000, 0x00000000a1c80000, 0x00000000d5580000)
  object space 553472K, 99% used [0x0000000080000000,0x00000000a1c13ac8,0x00000000a1c80000)
 Metaspace       used 81419K, committed 83008K, reserved 1179648K
  class space    used 8322K, committed 9024K, reserved 1048576K
}
Event: 64554.241 GC heap before
{Heap before GC invocations=2796 (full 5):
 PSYoungGen      total 12288K, used 12259K [0x00000000d5580000, 0x00000000d6c00000, 0x0000000100000000)
  eden space 8704K, 100% used [0x00000000d5580000,0x00000000d5e00000,0x00000000d5e00000)
  from space 3584K, 99% used [0x00000000d5f80000,0x00000000d62f8f00,0x00000000d6300000)
  to   space 7168K, 0% used [0x00000000d6500000,0x00000000d6500000,0x00000000d6c00000)
 ParOldGen       total 553472K, used 553038K [0x0000000080000000, 0x00000000a1c80000, 0x00000000d5580000)
  object space 553472K, 99% used [0x0000000080000000,0x00000000a1c13ac8,0x00000000a1c80000)
 Metaspace       used 81425K, committed 83008K, reserved 1179648K
  class space    used 8322K, committed 9024K, reserved 1048576K
}
Event: 64554.247 GC heap after
{Heap after GC invocations=2796 (full 5):
 PSYoungGen      total 11264K, used 2473K [0x00000000d5580000, 0x00000000d6780000, 0x0000000100000000)
  eden space 8704K, 0% used [0x00000000d5580000,0x00000000d5580000,0x00000000d5e00000)
  from space 2560K, 96% used [0x00000000d6500000,0x00000000d676a600,0x00000000d6780000)
  to   space 4096K, 0% used [0x00000000d5f80000,0x00000000d5f80000,0x00000000d6380000)
 ParOldGen       total 553472K, used 553086K [0x0000000080000000, 0x00000000a1c80000, 0x00000000d5580000)
  object space 553472K, 99% used [0x0000000080000000,0x00000000a1c1fac8,0x00000000a1c80000)
 Metaspace       used 81425K, committed 83008K, reserved 1179648K
  class space    used 8322K, committed 9024K, reserved 1048576K
}
Event: 64554.284 GC heap before
{Heap before GC invocations=2797 (full 5):
 PSYoungGen      total 11264K, used 11177K [0x00000000d5580000, 0x00000000d6780000, 0x0000000100000000)
  eden space 8704K, 100% used [0x00000000d5580000,0x00000000d5e00000,0x00000000d5e00000)
  from space 2560K, 96% used [0x00000000d6500000,0x00000000d676a600,0x00000000d6780000)
  to   space 4096K, 0% used [0x00000000d5f80000,0x00000000d5f80000,0x00000000d6380000)
 ParOldGen       total 553472K, used 553086K [0x0000000080000000, 0x00000000a1c80000, 0x00000000d5580000)
  object space 553472K, 99% used [0x0000000080000000,0x00000000a1c1fac8,0x00000000a1c80000)
 Metaspace       used 81426K, committed 83008K, reserved 1179648K
  class space    used 8322K, committed 9024K, reserved 1048576K
}
Event: 64554.290 GC heap after
{Heap after GC invocations=2797 (full 5):
 PSYoungGen      total 12800K, used 4073K [0x00000000d5580000, 0x00000000d6700000, 0x0000000100000000)
  eden space 8704K, 0% used [0x00000000d5580000,0x00000000d5580000,0x00000000d5e00000)
  from space 4096K, 99% used [0x00000000d5f80000,0x00000000d637a600,0x00000000d6380000)
  to   space 3584K, 0% used [0x00000000d6380000,0x00000000d6380000,0x00000000d6700000)
 ParOldGen       total 553472K, used 553206K [0x0000000080000000, 0x00000000a1c80000, 0x00000000d5580000)
  object space 553472K, 99% used [0x0000000080000000,0x00000000a1c3dac8,0x00000000a1c80000)
 Metaspace       used 81426K, committed 83008K, reserved 1179648K
  class space    used 8322K, committed 9024K, reserved 1048576K
}
Event: 64558.905 GC heap before
{Heap before GC invocations=2798 (full 5):
 PSYoungGen      total 12800K, used 12777K [0x00000000d5580000, 0x00000000d6700000, 0x0000000100000000)
  eden space 8704K, 100% used [0x00000000d5580000,0x00000000d5e00000,0x00000000d5e00000)
  from space 4096K, 99% used [0x00000000d5f80000,0x00000000d637a600,0x00000000d6380000)
  to   space 3584K, 0% used [0x00000000d6380000,0x00000000d6380000,0x00000000d6700000)
 ParOldGen       total 553472K, used 553206K [0x0000000080000000, 0x00000000a1c80000, 0x00000000d5580000)
  object space 553472K, 99% used [0x0000000080000000,0x00000000a1c3dac8,0x00000000a1c80000)
 Metaspace       used 81438K, committed 83008K, reserved 1179648K
  class space    used 8323K, committed 9024K, reserved 1048576K
}

