# JRE version: OpenJDK Runtime Environment Temurin-21.0.8+9 (21.0.8+9) (build 21.0.8+9-LTS)
# Java VM: OpenJDK 64-Bit Server VM Temurin-21.0.8+9 (21.0.8+9-LTS, mixed mode, sharing, tiered, compressed oops, compressed class ptrs, parallel gc, windows-amd64)
GC Precious Log:
 CardTable entry size: 512
 CPUs: 12 total, 12 available
 Memory: 7597M
 Large Page Support: Disabled
 NUMA Support: Disabled
 Compressed Oops: Enabled (32-bit)
 Alignments: Space 512K, Generation 512K, Heap 2M
 Heap Min Capacity: 100M
 Heap Initial Capacity: 100M
 Heap Max Capacity: 2G
 Pre-touch: Disabled
 Parallel Workers: 10
Heap:
 PSYoungGen      total 3072K, used 1351K [0x00000000d5580000, 0x00000000d5a00000, 0x0000000100000000)
  eden space 2048K, 37% used [0x00000000d5580000,0x00000000d5641de0,0x00000000d5780000)
  from space 1024K, 56% used [0x00000000d5900000,0x00000000d5990000,0x00000000d5a00000)
  to   space 1024K, 0% used [0x00000000d5800000,0x00000000d5800000,0x00000000d5900000)
 ParOldGen       total 1282048K, used 89829K [0x0000000080000000, 0x00000000ce400000, 0x00000000d5580000)
  object space 1282048K, 7% used [0x0000000080000000,0x00000000857b94b8,0x00000000ce400000)
 Metaspace       used 85802K, committed 87296K, reserved 1179648K
  class space    used 8699K, committed 9344K, reserved 1048576K
GC Heap History (20 events):
Event: 106178.265 GC heap before
{Heap before GC invocations=1386 (full 5):
 PSYoungGen      total 6144K, used 5818K [0x00000000d5580000, 0x00000000d5f00000, 0x0000000100000000)
  eden space 3072K, 100% used [0x00000000d5580000,0x00000000d5880000,0x00000000d5880000)
  from space 3072K, 89% used [0x00000000d5c00000,0x00000000d5eae850,0x00000000d5f00000)
  to   space 3072K, 0% used [0x00000000d5900000,0x00000000d5900000,0x00000000d5c00000)
 ParOldGen       total 1282048K, used 75001K [0x0000000080000000, 0x00000000ce400000, 0x00000000d5580000)
  object space 1282048K, 5% used [0x0000000080000000,0x000000008493e480,0x00000000ce400000)
 Metaspace       used 85759K, committed 87296K, reserved 1179648K
  class space    used 8693K, committed 9344K, reserved 1048576K
}
Event: 106178.269 GC heap after
{Heap after GC invocations=1386 (full 5):
 PSYoungGen      total 6656K, used 2889K [0x00000000d5580000, 0x00000000d5f80000, 0x0000000100000000)
  eden space 3584K, 0% used [0x00000000d5580000,0x00000000d5580000,0x00000000d5900000)
  from space 3072K, 94% used [0x00000000d5900000,0x00000000d5bd2640,0x00000000d5c00000)
  to   space 3072K, 0% used [0x00000000d5c80000,0x00000000d5c80000,0x00000000d5f80000)
 ParOldGen       total 1282048K, used 77664K [0x0000000080000000, 0x00000000ce400000, 0x00000000d5580000)
  object space 1282048K, 6% used [0x0000000080000000,0x0000000084bd81e8,0x00000000ce400000)
 Metaspace       used 85759K, committed 87296K, reserved 1179648K
  class space    used 8693K, committed 9344K, reserved 1048576K
}
Event: 106178.286 GC heap before
{Heap before GC invocations=1387 (full 5):
 PSYoungGen      total 6656K, used 6473K [0x00000000d5580000, 0x00000000d5f80000, 0x0000000100000000)
  eden space 3584K, 100% used [0x00000000d5580000,0x00000000d5900000,0x00000000d5900000)
  from space 3072K, 94% used [0x00000000d5900000,0x00000000d5bd2640,0x00000000d5c00000)
  to   space 3072K, 0% used [0x00000000d5c80000,0x00000000d5c80000,0x00000000d5f80000)
 ParOldGen       total 1282048K, used 77664K [0x0000000080000000, 0x00000000ce400000, 0x00000000d5580000)
  object space 1282048K, 6% used [0x0000000080000000,0x0000000084bd81e8,0x00000000ce400000)
 Metaspace       used 85759K, committed 87296K, reserved 1179648K
  class space    used 8693K, committed 9344K, reserved 1048576K
}
Event: 106178.293 GC heap after
{Heap after GC invocations=1387 (full 5):
 PSYoungGen      total 3584K, used 3072K [0x00000000d5580000, 0x00000000d6800000, 0x0000000100000000)
  eden space 512K, 0% used [0x00000000d5580000,0x00000000d5580000,0x00000000d5600000)
  from space 3072K, 100% used [0x00000000d5c80000,0x00000000d5f80000,0x00000000d5f80000)
  to   space 6656K, 0% used [0x00000000d5600000,0x00000000d5600000,0x00000000d5c80000)
 ParOldGen       total 1282048K, used 80700K [0x0000000080000000, 0x00000000ce400000, 0x00000000d5580000)
  object space 1282048K, 6% used [0x0000000080000000,0x0000000084ecf038,0x00000000ce400000)
 Metaspace       used 85759K, committed 87296K, reserved 1179648K
  class space    used 8693K, committed 9344K, reserved 1048576K
}
Event: 106178.302 GC heap before
{Heap before GC invocations=1388 (full 5):
 PSYoungGen      total 3584K, used 3583K [0x00000000d5580000, 0x00000000d6800000, 0x0000000100000000)
  eden space 512K, 99% used [0x00000000d5580000,0x00000000d55fffe0,0x00000000d5600000)
  from space 3072K, 100% used [0x00000000d5c80000,0x00000000d5f80000,0x00000000d5f80000)
  to   space 6656K, 0% used [0x00000000d5600000,0x00000000d5600000,0x00000000d5c80000)
 ParOldGen       total 1282048K, used 80700K [0x0000000080000000, 0x00000000ce400000, 0x00000000d5580000)
  object space 1282048K, 6% used [0x0000000080000000,0x0000000084ecf038,0x00000000ce400000)
 Metaspace       used 85759K, committed 87296K, reserved 1179648K
  class space    used 8693K, committed 9344K, reserved 1048576K
}
Event: 106178.308 GC heap after
{Heap after GC invocations=1388 (full 5):
 PSYoungGen      total 1536K, used 544K [0x00000000d5580000, 0x00000000d5d00000, 0x0000000100000000)
  eden space 512K, 0% used [0x00000000d5580000,0x00000000d5580000,0x00000000d5600000)
  from space 1024K, 53% used [0x00000000d5600000,0x00000000d5688000,0x00000000d5700000)
  to   space 3072K, 0% used [0x00000000d5a00000,0x00000000d5a00000,0x00000000d5d00000)
 ParOldGen       total 1282048K, used 83852K [0x0000000080000000, 0x00000000ce400000, 0x00000000d5580000)
  object space 1282048K, 6% used [0x0000000080000000,0x00000000851e3038,0x00000000ce400000)
 Metaspace       used 85759K, committed 87296K, reserved 1179648K
  class space    used 8693K, committed 9344K, reserved 1048576K
}
Event: 106178.318 GC heap before
{Heap before GC invocations=1389 (full 5):
 PSYoungGen      total 1536K, used 1056K [0x00000000d5580000, 0x00000000d5d00000, 0x0000000100000000)
  eden space 512K, 100% used [0x00000000d5580000,0x00000000d5600000,0x00000000d5600000)
  from space 1024K, 53% used [0x00000000d5600000,0x00000000d5688000,0x00000000d5700000)
  to   space 3072K, 0% used [0x00000000d5a00000,0x00000000d5a00000,0x00000000d5d00000)
 ParOldGen       total 1282048K, used 83852K [0x0000000080000000, 0x00000000ce400000, 0x00000000d5580000)
  object space 1282048K, 6% used [0x0000000080000000,0x00000000851e3038,0x00000000ce400000)
 Metaspace       used 85759K, committed 87296K, reserved 1179648K
  class space    used 8693K, committed 9344K, reserved 1048576K
}
Event: 106178.319 GC heap after
{Heap after GC invocations=1389 (full 5):
 PSYoungGen      total 2048K, used 544K [0x00000000d5580000, 0x00000000d5b00000, 0x0000000100000000)
  eden space 1024K, 0% used [0x00000000d5580000,0x00000000d5580000,0x00000000d5680000)
  from space 1024K, 53% used [0x00000000d5a00000,0x00000000d5a88000,0x00000000d5b00000)
  to   space 1024K, 0% used [0x00000000d5900000,0x00000000d5900000,0x00000000d5a00000)
 ParOldGen       total 1282048K, used 84292K [0x0000000080000000, 0x00000000ce400000, 0x00000000d5580000)
  object space 1282048K, 6% used [0x0000000080000000,0x0000000085251038,0x00000000ce400000)
 Metaspace       used 85759K, committed 87296K, reserved 1179648K
  class space    used 8693K, committed 9344K, reserved 1048576K
}
Event: 106178.324 GC heap before
{Heap before GC invocations=1390 (full 5):
 PSYoungGen      total 2048K, used 1568K [0x00000000d5580000, 0x00000000d5b00000, 0x0000000100000000)
  eden space 1024K, 100% used [0x00000000d5580000,0x00000000d5680000,0x00000000d5680000)
  from space 1024K, 53% used [0x00000000d5a00000,0x00000000d5a88000,0x00000000d5b00000)
  to   space 1024K, 0% used [0x00000000d5900000,0x00000000d5900000,0x00000000d5a00000)
 ParOldGen       total 1282048K, used 84292K [0x0000000080000000, 0x00000000ce400000, 0x00000000d5580000)
  object space 1282048K, 6% used [0x0000000080000000,0x0000000085251038,0x00000000ce400000)
 Metaspace       used 85759K, committed 87296K, reserved 1179648K
  class space    used 8693K, committed 9344K, reserved 1048576K
}
Event: 106178.326 GC heap after
{Heap after GC invocations=1390 (full 5):
 PSYoungGen      total 2560K, used 1024K [0x00000000d5580000, 0x00000000d5b00000, 0x0000000100000000)
  eden space 1536K, 0% used [0x00000000d5580000,0x00000000d5580000,0x00000000d5700000)
  from space 1024K, 100% used [0x00000000d5900000,0x00000000d5a00000,0x00000000d5a00000)
  to   space 1024K, 0% used [0x00000000d5a00000,0x00000000d5a00000,0x00000000d5b00000)
 ParOldGen       total 1282048K, used 84780K [0x0000000080000000, 0x00000000ce400000, 0x00000000d5580000)
  object space 1282048K, 6% used [0x0000000080000000,0x00000000852cb038,0x00000000ce400000)
 Metaspace       used 85759K, committed 87296K, reserved 1179648K
  class space    used 8693K, committed 9344K, reserved 1048576K
}
Event: 106178.332 GC heap before
{Heap before GC invocations=1391 (full 5):
 PSYoungGen      total 2560K, used 2560K [0x00000000d5580000, 0x00000000d5b00000, 0x0000000100000000)
  eden space 1536K, 100% used [0x00000000d5580000,0x00000000d5700000,0x00000000d5700000)
  from space 1024K, 100% used [0x00000000d5900000,0x00000000d5a00000,0x00000000d5a00000)
  to   space 1024K, 0% used [0x00000000d5a00000,0x00000000d5a00000,0x00000000d5b00000)
 ParOldGen       total 1282048K, used 84780K [0x0000000080000000, 0x00000000ce400000, 0x00000000d5580000)
  object space 1282048K, 6% used [0x0000000080000000,0x00000000852cb038,0x00000000ce400000)
 Metaspace       used 85759K, committed 87296K, reserved 1179648K
  class space    used 8693K, committed 9344K, reserved 1048576K
}
Event: 106178.335 GC heap after
{Heap after GC invocations=1391 (full 5):
 PSYoungGen      total 2560K, used 1024K [0x00000000d5580000, 0x00000000d5d80000, 0x0000000100000000)
  eden space 1536K, 0% used [0x00000000d5580000,0x00000000d5580000,0x00000000d5700000)
  from space 1024K, 100% used [0x00000000d5a00000,0x00000000d5b00000,0x00000000d5b00000)
  to   space 3072K, 0% used [0x00000000d5700000,0x00000000d5700000,0x00000000d5a00000)
 ParOldGen       total 1282048K, used 86260K [0x0000000080000000, 0x00000000ce400000, 0x00000000d5580000)
  object space 1282048K, 6% used [0x0000000080000000,0x000000008543d038,0x00000000ce400000)
 Metaspace       used 85759K, committed 87296K, reserved 1179648K
  class space    used 8693K, committed 9344K, reserved 1048576K
}
Event: 106178.350 GC heap before
{Heap before GC invocations=1392 (full 5):
 PSYoungGen      total 2560K, used 2560K [0x00000000d5580000, 0x00000000d5d80000, 0x0000000100000000)
  eden space 1536K, 100% used [0x00000000d5580000,0x00000000d5700000,0x00000000d5700000)
  from space 1024K, 100% used [0x00000000d5a00000,0x00000000d5b00000,0x00000000d5b00000)
  to   space 3072K, 0% used [0x00000000d5700000,0x00000000d5700000,0x00000000d5a00000)
 ParOldGen       total 1282048K, used 86260K [0x0000000080000000, 0x00000000ce400000, 0x00000000d5580000)
  object space 1282048K, 6% used [0x0000000080000000,0x000000008543d038,0x00000000ce400000)
 Metaspace       used 85759K, committed 87296K, reserved 1179648K
  class space    used 8693K, committed 9344K, reserved 1048576K
}
Event: 106178.353 GC heap after
{Heap after GC invocations=1392 (full 5):
 PSYoungGen      total 3584K, used 1696K [0x00000000d5580000, 0x00000000d5b80000, 0x0000000100000000)
  eden space 1536K, 0% used [0x00000000d5580000,0x00000000d5580000,0x00000000d5700000)
  from space 2048K, 82% used [0x00000000d5700000,0x00000000d58a8000,0x00000000d5900000)
  to   space 2048K, 0% used [0x00000000d5980000,0x00000000d5980000,0x00000000d5b80000)
 ParOldGen       total 1282048K, used 87340K [0x0000000080000000, 0x00000000ce400000, 0x00000000d5580000)
  object space 1282048K, 6% used [0x0000000080000000,0x000000008554b038,0x00000000ce400000)
 Metaspace       used 85759K, committed 87296K, reserved 1179648K
  class space    used 8693K, committed 9344K, reserved 1048576K
}
Event: 106178.360 GC heap before
{Heap before GC invocations=1393 (full 5):
 PSYoungGen      total 3584K, used 3232K [0x00000000d5580000, 0x00000000d5b80000, 0x0000000100000000)
  eden space 1536K, 100% used [0x00000000d5580000,0x00000000d5700000,0x00000000d5700000)
  from space 2048K, 82% used [0x00000000d5700000,0x00000000d58a8000,0x00000000d5900000)
  to   space 2048K, 0% used [0x00000000d5980000,0x00000000d5980000,0x00000000d5b80000)
 ParOldGen       total 1282048K, used 87340K [0x0000000080000000, 0x00000000ce400000, 0x00000000d5580000)
  object space 1282048K, 6% used [0x0000000080000000,0x000000008554b038,0x00000000ce400000)
 Metaspace       used 85759K, committed 87296K, reserved 1179648K
  class space    used 8693K, committed 9344K, reserved 1048576K
}
Event: 106178.364 GC heap after
{Heap after GC invocations=1393 (full 5):
 PSYoungGen      total 3072K, used 826K [0x00000000d5580000, 0x00000000d5a80000, 0x0000000100000000)
  eden space 2048K, 0% used [0x00000000d5580000,0x00000000d5580000,0x00000000d5780000)
  from space 1024K, 80% used [0x00000000d5980000,0x00000000d5a4e900,0x00000000d5a80000)
  to   space 1536K, 0% used [0x00000000d5780000,0x00000000d5780000,0x00000000d5900000)
 ParOldGen       total 1282048K, used 88876K [0x0000000080000000, 0x00000000ce400000, 0x00000000d5580000)
  object space 1282048K, 6% used [0x0000000080000000,0x00000000856cb038,0x00000000ce400000)
 Metaspace       used 85759K, committed 87296K, reserved 1179648K
  class space    used 8693K, committed 9344K, reserved 1048576K
}
Event: 106178.382 GC heap before
{Heap before GC invocations=1394 (full 5):
 PSYoungGen      total 3072K, used 2874K [0x00000000d5580000, 0x00000000d5a80000, 0x0000000100000000)
  eden space 2048K, 100% used [0x00000000d5580000,0x00000000d5780000,0x00000000d5780000)
  from space 1024K, 80% used [0x00000000d5980000,0x00000000d5a4e900,0x00000000d5a80000)
  to   space 1536K, 0% used [0x00000000d5780000,0x00000000d5780000,0x00000000d5900000)
 ParOldGen       total 1282048K, used 88876K [0x0000000080000000, 0x00000000ce400000, 0x00000000d5580000)
  object space 1282048K, 6% used [0x0000000080000000,0x00000000856cb038,0x00000000ce400000)
 Metaspace       used 85759K, committed 87296K, reserved 1179648K
  class space    used 8693K, committed 9344K, reserved 1048576K
}
Event: 106178.385 GC heap after
{Heap after GC invocations=1394 (full 5):
 PSYoungGen      total 3584K, used 384K [0x00000000d5580000, 0x00000000d5a00000, 0x0000000100000000)
  eden space 2048K, 0% used [0x00000000d5580000,0x00000000d5580000,0x00000000d5780000)
  from space 1536K, 25% used [0x00000000d5780000,0x00000000d57e0000,0x00000000d5900000)
  to   space 1024K, 0% used [0x00000000d5900000,0x00000000d5900000,0x00000000d5a00000)
 ParOldGen       total 1282048K, used 89549K [0x0000000080000000, 0x00000000ce400000, 0x00000000d5580000)
  object space 1282048K, 6% used [0x0000000080000000,0x00000000857734b8,0x00000000ce400000)
 Metaspace       used 85759K, committed 87296K, reserved 1179648K
  class space    used 8693K, committed 9344K, reserved 1048576K
}
Event: 106178.544 GC heap before
{Heap before GC invocations=1395 (full 5):
 PSYoungGen      total 3584K, used 2432K [0x00000000d5580000, 0x00000000d5a00000, 0x0000000100000000)
  eden space 2048K, 100% used [0x00000000d5580000,0x00000000d5780000,0x00000000d5780000)
  from space 1536K, 25% used [0x00000000d5780000,0x00000000d57e0000,0x00000000d5900000)
  to   space 1024K, 0% used [0x00000000d5900000,0x00000000d5900000,0x00000000d5a00000)
 ParOldGen       total 1282048K, used 89549K [0x0000000080000000, 0x00000000ce400000, 0x00000000d5580000)
  object space 1282048K, 6% used [0x0000000080000000,0x00000000857734b8,0x00000000ce400000)
 Metaspace       used 85802K, committed 87296K, reserved 1179648K
  class space    used 8699K, committed 9344K, reserved 1048576K
}
Event: 106178.546 GC heap after
{Heap after GC invocations=1395 (full 5):
 PSYoungGen      total 3072K, used 576K [0x00000000d5580000, 0x00000000d5a00000, 0x0000000100000000)
  eden space 2048K, 0% used [0x00000000d5580000,0x00000000d5580000,0x00000000d5780000)
  from space 1024K, 56% used [0x00000000d5900000,0x00000000d5990000,0x00000000d5a00000)
  to   space 1024K, 0% used [0x00000000d5800000,0x00000000d5800000,0x00000000d5900000)
 ParOldGen       total 1282048K, used 89829K [0x0000000080000000, 0x00000000ce400000, 0x00000000d5580000)
  object space 1282048K, 7% used [0x0000000080000000,0x00000000857b94b8,0x00000000ce400000)
 Metaspace       used 85802K, committed 87296K, reserved 1179648K
  class space    used 8699K, committed 9344K, reserved 1048576K
}

